<?xml version="1.0" encoding="UTF-8"?>
<!-- Generated by org.testng.reporters.JUnitXMLReporter -->
<testsuite ignored="0" hostname="Shreyanvi" failures="3" tests="7" name="Test" time="41.92" errors="0" timestamp="2024-02-19T19:39:21 IST">
  <testcase classname="testCases.TC001_RegistrationTestCase" name="verify_register_account" time="8.43"/>
  <testcase classname="testCases.TC002_LoginTestCase" name="validate_login" time="2.746"/>
  <testcase classname="testCases.TC003_LoginDDTTestCase" name="LoginDDT" time="0.828"/>
  <testcase classname="testCases.TC003_LoginDDTTestCase" name="LoginDDT" time="0.003">
    <failure type="java.lang.AssertionError" message="null">
      <![CDATA[java.lang.AssertionError: null
at testCases.TC003_LoginDDTTestCase.LoginDDT(TC003_LoginDDTTestCase.java:72)
at java.base/java.util.ArrayList.forEach(ArrayList.java:1541)
... Removed 29 stack frames]]>
    </failure>
  </testcase> <!-- LoginDDT -->
  <testcase classname="testCases.TC003_LoginDDTTestCase" name="LoginDDT" time="0.002">
    <failure type="java.lang.AssertionError" message="null">
      <![CDATA[java.lang.AssertionError: null
at testCases.TC003_LoginDDTTestCase.LoginDDT(TC003_LoginDDTTestCase.java:72)
at java.base/java.util.ArrayList.forEach(ArrayList.java:1541)
... Removed 29 stack frames]]>
    </failure>
  </testcase> <!-- LoginDDT -->
  <testcase classname="testCases.TC003_LoginDDTTestCase" name="LoginDDT" time="0.001">
    <failure type="java.lang.AssertionError" message="null">
      <![CDATA[java.lang.AssertionError: null
at testCases.TC003_LoginDDTTestCase.LoginDDT(TC003_LoginDDTTestCase.java:72)
at java.base/java.util.ArrayList.forEach(ArrayList.java:1541)
... Removed 29 stack frames]]>
    </failure>
  </testcase> <!-- LoginDDT -->
  <testcase classname="testCases.TC003_LoginDDTTestCase" name="LoginDDT" time="10.357"/>
</testsuite> <!-- Test -->
