<?xml version="1.0" encoding="UTF-8"?>
<!-- Generated by org.testng.reporters.JUnitXMLReporter -->
<testsuite ignored="0" hostname="Shreyanvi" failures="3" tests="7" name="Test" time="38.557" errors="0" timestamp="2024-02-19T16:24:45 IST">
  <testcase classname="testCases.TC001_RegistrationTestCase" name="verify_register_account" time="8.323"/>
  <testcase classname="testCases.TC002_LoginTestCase" name="validate_login" time="2.694"/>
  <testcase classname="testCases.TC003_LoginDDTTestCase" name="LoginDDT" time="0.696"/>
  <testcase classname="testCases.TC003_LoginDDTTestCase" name="LoginDDT" time="0.001">
    <failure type="java.lang.AssertionError" message="null">
      <![CDATA[java.lang.AssertionError: null
at testCases.TC003_LoginDDTTestCase.LoginDDT(TC003_LoginDDTTestCase.java:72)
at java.base/java.util.ArrayList.forEach(ArrayList.java:1541)
... Removed 29 stack frames]]>
    </failure>
  </testcase> <!-- LoginDDT -->
  <testcase classname="testCases.TC003_LoginDDTTestCase" name="LoginDDT" time="0.0">
    <failure type="java.lang.AssertionError" message="null">
      <![CDATA[java.lang.AssertionError: null
at testCases.TC003_LoginDDTTestCase.LoginDDT(TC003_LoginDDTTestCase.java:72)
at java.base/java.util.ArrayList.forEach(ArrayList.java:1541)
... Removed 29 stack frames]]>
    </failure>
  </testcase> <!-- LoginDDT -->
  <testcase classname="testCases.TC003_LoginDDTTestCase" name="LoginDDT" time="0.002">
    <failure type="java.lang.AssertionError" message="null">
      <![CDATA[java.lang.AssertionError: null
at testCases.TC003_LoginDDTTestCase.LoginDDT(TC003_LoginDDTTestCase.java:72)
at java.base/java.util.ArrayList.forEach(ArrayList.java:1541)
... Removed 29 stack frames]]>
    </failure>
  </testcase> <!-- LoginDDT -->
  <testcase classname="testCases.TC003_LoginDDTTestCase" name="LoginDDT" time="10.294"/>
</testsuite> <!-- Test -->
