<?xml version="1.0" encoding="UTF-8"?>
<!-- Generated by org.testng.reporters.JUnitXMLReporter -->
<testsuite ignored="0" hostname="Shreyanvi" failures="3" tests="5" name="Testfirefox" time="36.909" errors="0" timestamp="2024-02-19T19:56:33 IST">
  <testcase classname="testCases.TC003_LoginDDTTestCase" name="LoginDDT" time="0.561"/>
  <testcase classname="testCases.TC003_LoginDDTTestCase" name="LoginDDT" time="0.0">
    <failure type="java.lang.AssertionError" message="null">
      <![CDATA[java.lang.AssertionError: null
at testCases.TC003_LoginDDTTestCase.LoginDDT(TC003_LoginDDTTestCase.java:72)
at java.base/java.util.ArrayList.forEach(ArrayList.java:1541)
... Removed 29 stack frames]]>
    </failure>
  </testcase> <!-- LoginDDT -->
  <testcase classname="testCases.TC003_LoginDDTTestCase" name="LoginDDT" time="0.017">
    <failure type="java.lang.AssertionError" message="null">
      <![CDATA[java.lang.AssertionError: null
at testCases.TC003_LoginDDTTestCase.LoginDDT(TC003_LoginDDTTestCase.java:72)
at java.base/java.util.ArrayList.forEach(ArrayList.java:1541)
... Removed 29 stack frames]]>
    </failure>
  </testcase> <!-- LoginDDT -->
  <testcase classname="testCases.TC003_LoginDDTTestCase" name="LoginDDT" time="0.0">
    <failure type="java.lang.AssertionError" message="null">
      <![CDATA[java.lang.AssertionError: null
at testCases.TC003_LoginDDTTestCase.LoginDDT(TC003_LoginDDTTestCase.java:72)
at java.base/java.util.ArrayList.forEach(ArrayList.java:1541)
... Removed 29 stack frames]]>
    </failure>
  </testcase> <!-- LoginDDT -->
  <testcase classname="testCases.TC003_LoginDDTTestCase" name="LoginDDT" time="10.373"/>
</testsuite> <!-- Testfirefox -->
