<?xml version="1.0" encoding="UTF-8"?>
<testsuite xmlns:xsi="http://www.w3.org/2001/XMLSchema-instance" xsi:noNamespaceSchemaLocation="https://maven.apache.org/surefire/maven-surefire-plugin/xsd/surefire-test-report-3.0.xsd" version="3.0" name="TestSuite" time="19.33" tests="2" errors="0" skipped="0" failures="0">
  <properties>
[...]
</properties>
  <testcase name="verify_register_account" classname="testCases.TC001_RegistrationTestCase" time="8.351">
    <system-out><![CDATA[2024-02-21_15:01:48.765 [main] INFO  testCases.TC001_RegistrationTestCase - ************starting register account verification test******************
2024-02-21_15:01:48.896 [main] INFO  testCases.TC001_RegistrationTestCase - clicked on Register link
Register link has been clicked successfully
PNI272@gmail.com
NBauE12345x123@
2024-02-21_15:01:53.074 [main] INFO  testCases.TC001_RegistrationTestCase - Entered firstname
2024-02-21_15:01:53.135 [main] INFO  testCases.TC001_RegistrationTestCase - Entered lastname
2024-02-21_15:01:53.207 [main] INFO  testCases.TC001_RegistrationTestCase - Entered email
2024-02-21_15:01:53.263 [main] INFO  testCases.TC001_RegistrationTestCase - Entered phone number
2024-02-21_15:01:53.418 [main] INFO  testCases.TC001_RegistrationTestCase - selected radio button
2024-02-21_15:01:53.540 [main] INFO  testCases.TC001_RegistrationTestCase - Entered password
2024-02-21_15:01:53.664 [main] INFO  testCases.TC001_RegistrationTestCase - Entered confirm password
2024-02-21_15:01:53.709 [main] INFO  testCases.TC001_RegistrationTestCase - clicked checkbox
2024-02-21_15:01:53.767 [main] INFO  testCases.TC001_RegistrationTestCase - clicked occupation
2024-02-21_15:01:53.878 [main] INFO  testCases.TC001_RegistrationTestCase - selecting Engineer from dropdown
2024-02-21_15:01:56.930 [main] INFO  testCases.TC001_RegistrationTestCase - clicked Register button
2024-02-21_15:01:57.107 [main] INFO  testCases.TC001_RegistrationTestCase - validated Account creating mesgg successfully
2024-02-21_15:01:57.107 [main] INFO  testCases.TC001_RegistrationTestCase - ************completed register account verification test******************
]]></system-out>
    <system-err><![CDATA[SLF4J(W): No SLF4J providers were found.
SLF4J(W): Defaulting to no-operation (NOP) logger implementation
SLF4J(W): See https://www.slf4j.org/codes.html#noProviders for further details.
SLF4J(W): Class path contains SLF4J bindings targeting slf4j-api versions 1.7.x or earlier.
SLF4J(W): Ignoring binding found at [jar:file:/C:/Users/graje/.m2/repository/org/apache/logging/log4j/log4j-slf4j-impl/2.22.1/log4j-slf4j-impl-2.22.1.jar!/org/slf4j/impl/StaticLoggerBinder.class]
SLF4J(W): See https://www.slf4j.org/codes.html#ignoredBindings for an explanation.
]]></system-err>
  </testcase>
  <testcase name="validate_login" classname="testCases.TC002_LoginTestCase" time="3.014">
    <system-out><![CDATA[2024-02-21_15:02:00.009 [main] INFO  testCases.TC002_LoginTestCase - *********Started Login Method*************
2024-02-21_15:02:00.356 [main] INFO  testCases.TC002_LoginTestCase - Entered username
2024-02-21_15:02:00.455 [main] INFO  testCases.TC002_LoginTestCase - Entered password
2024-02-21_15:02:00.507 [main] INFO  testCases.TC002_LoginTestCase - clicked on login button
2024-02-21_15:02:00.795 [main] INFO  testCases.TC002_LoginTestCase - ORDERS button is displayed
2024-02-21_15:02:03.022 [main] INFO  testCases.TC002_LoginTestCase - *********Completed Login Method*************
]]></system-out>
  </testcase>
</testsuite>