<?xml version="1.0" encoding="UTF-8"?>
<testng-results ignored="0" total="2" passed="2" failed="0" skipped="0">
  <reporter-output>
  </reporter-output>
  <suite started-at="2024-02-21T15:01:45 IST" name="Group execution Suite" finished-at="2024-02-21T15:02:03 IST" duration-ms="17416">
    <groups>
      <group name="regression">
        <method signature="TC001_RegistrationTestCase.verify_register_account()[pri:0, instance:testCases.TC001_RegistrationTestCase@26d9b808]" name="verify_register_account" class="testCases.TC001_RegistrationTestCase"/>
      </group> <!-- regression -->
      <group name="sanity">
        <method signature="TC002_LoginTestCase.validate_login()[pri:0, instance:testCases.TC002_LoginTestCase@48bb62]" name="validate_login" class="testCases.TC002_LoginTestCase"/>
      </group> <!-- sanity -->
      <group name="master">
        <method signature="TC001_RegistrationTestCase.verify_register_account()[pri:0, instance:testCases.TC001_RegistrationTestCase@26d9b808]" name="verify_register_account" class="testCases.TC001_RegistrationTestCase"/>
        <method signature="TC002_LoginTestCase.validate_login()[pri:0, instance:testCases.TC002_LoginTestCase@48bb62]" name="validate_login" class="testCases.TC002_LoginTestCase"/>
      </group> <!-- master -->
    </groups>
    <test started-at="2024-02-21T15:01:45 IST" name="Test" finished-at="2024-02-21T15:02:03 IST" duration-ms="17416">
      <class name="testCases.TC001_RegistrationTestCase">
        <test-method is-config="true" signature="setUp(java.lang.String,java.lang.String)[pri:0, instance:testCases.TC001_RegistrationTestCase@26d9b808]" started-at="2024-02-21T15:01:45 IST" name="setUp" finished-at="2024-02-21T15:01:48 IST" duration-ms="2801" status="PASS">
          <params>
            <param index="0">
              <value>
                <![CDATA[chrome]]>
              </value>
            </param>
            <param index="1">
              <value>
                <![CDATA[windows]]>
              </value>
            </param>
          </params>
          <reporter-output>
          </reporter-output>
        </test-method> <!-- setUp -->
        <test-method signature="verify_register_account()[pri:0, instance:testCases.TC001_RegistrationTestCase@26d9b808]" started-at="2024-02-21T15:01:48 IST" name="verify_register_account" finished-at="2024-02-21T15:01:57 IST" duration-ms="8345" status="PASS">
          <reporter-output>
          </reporter-output>
        </test-method> <!-- verify_register_account -->
        <test-method is-config="true" signature="tearDown()[pri:0, instance:testCases.TC001_RegistrationTestCase@26d9b808]" started-at="2024-02-21T15:01:57 IST" name="tearDown" finished-at="2024-02-21T15:01:57 IST" duration-ms="147" status="PASS">
          <reporter-output>
          </reporter-output>
        </test-method> <!-- tearDown -->
      </class> <!-- testCases.TC001_RegistrationTestCase -->
      <class name="testCases.TC002_LoginTestCase">
        <test-method is-config="true" signature="setUp(java.lang.String,java.lang.String)[pri:0, instance:testCases.TC002_LoginTestCase@48bb62]" started-at="2024-02-21T15:01:57 IST" name="setUp" finished-at="2024-02-21T15:02:00 IST" duration-ms="2746" status="PASS">
          <params>
            <param index="0">
              <value>
                <![CDATA[chrome]]>
              </value>
            </param>
            <param index="1">
              <value>
                <![CDATA[windows]]>
              </value>
            </param>
          </params>
          <reporter-output>
          </reporter-output>
        </test-method> <!-- setUp -->
        <test-method signature="validate_login()[pri:0, instance:testCases.TC002_LoginTestCase@48bb62]" started-at="2024-02-21T15:02:00 IST" name="validate_login" finished-at="2024-02-21T15:02:03 IST" duration-ms="3014" status="PASS">
          <reporter-output>
          </reporter-output>
        </test-method> <!-- validate_login -->
        <test-method is-config="true" signature="tearDown()[pri:0, instance:testCases.TC002_LoginTestCase@48bb62]" started-at="2024-02-21T15:02:03 IST" name="tearDown" finished-at="2024-02-21T15:02:03 IST" duration-ms="163" status="PASS">
          <reporter-output>
          </reporter-output>
        </test-method> <!-- tearDown -->
      </class> <!-- testCases.TC002_LoginTestCase -->
    </test> <!-- Test -->
  </suite> <!-- Group execution Suite -->
</testng-results>
