<?xml version="1.0" encoding="UTF-8"?>
<testng-results ignored="0" total="2" passed="2" failed="0" skipped="0">
  <reporter-output>
  </reporter-output>
  <suite started-at="2024-02-20T16:58:06 IST" name="Group execution Suite" finished-at="2024-02-20T16:58:24 IST" duration-ms="18279">
    <groups>
      <group name="regression">
        <method signature="TC001_RegistrationTestCase.verify_register_account()[pri:0, instance:testCases.TC001_RegistrationTestCase@221a3fa4]" name="verify_register_account" class="testCases.TC001_RegistrationTestCase"/>
      </group> <!-- regression -->
      <group name="sanity">
        <method signature="TC002_LoginTestCase.validate_login()[pri:0, instance:testCases.TC002_LoginTestCase@5b7a7f33]" name="validate_login" class="testCases.TC002_LoginTestCase"/>
      </group> <!-- sanity -->
      <group name="master">
        <method signature="TC001_RegistrationTestCase.verify_register_account()[pri:0, instance:testCases.TC001_RegistrationTestCase@221a3fa4]" name="verify_register_account" class="testCases.TC001_RegistrationTestCase"/>
        <method signature="TC002_LoginTestCase.validate_login()[pri:0, instance:testCases.TC002_LoginTestCase@5b7a7f33]" name="validate_login" class="testCases.TC002_LoginTestCase"/>
      </group> <!-- master -->
    </groups>
    <test started-at="2024-02-20T16:58:06 IST" name="Test" finished-at="2024-02-20T16:58:24 IST" duration-ms="18279">
      <class name="testCases.TC001_RegistrationTestCase">
        <test-method is-config="true" signature="setUp(java.lang.String,java.lang.String)[pri:0, instance:testCases.TC001_RegistrationTestCase@221a3fa4]" started-at="2024-02-20T16:58:06 IST" name="setUp" finished-at="2024-02-20T16:58:10 IST" duration-ms="4340" status="PASS">
          <params>
            <param index="0">
              <value>
                <![CDATA[chrome]]>
              </value>
            </param>
            <param index="1">
              <value>
                <![CDATA[windows]]>
              </value>
            </param>
          </params>
          <reporter-output>
          </reporter-output>
        </test-method> <!-- setUp -->
        <test-method signature="verify_register_account()[pri:0, instance:testCases.TC001_RegistrationTestCase@221a3fa4]" started-at="2024-02-20T16:58:10 IST" name="verify_register_account" finished-at="2024-02-20T16:58:19 IST" duration-ms="8627" status="PASS">
          <reporter-output>
          </reporter-output>
        </test-method> <!-- verify_register_account -->
        <test-method is-config="true" signature="tearDown()[pri:0, instance:testCases.TC001_RegistrationTestCase@221a3fa4]" started-at="2024-02-20T16:58:19 IST" name="tearDown" finished-at="2024-02-20T16:58:19 IST" duration-ms="295" status="PASS">
          <reporter-output>
          </reporter-output>
        </test-method> <!-- tearDown -->
      </class> <!-- testCases.TC001_RegistrationTestCase -->
      <class name="testCases.TC002_LoginTestCase">
        <test-method is-config="true" signature="setUp(java.lang.String,java.lang.String)[pri:0, instance:testCases.TC002_LoginTestCase@5b7a7f33]" started-at="2024-02-20T16:58:19 IST" name="setUp" finished-at="2024-02-20T16:58:21 IST" duration-ms="1546" status="PASS">
          <params>
            <param index="0">
              <value>
                <![CDATA[chrome]]>
              </value>
            </param>
            <param index="1">
              <value>
                <![CDATA[windows]]>
              </value>
            </param>
          </params>
          <reporter-output>
          </reporter-output>
        </test-method> <!-- setUp -->
        <test-method signature="validate_login()[pri:0, instance:testCases.TC002_LoginTestCase@5b7a7f33]" started-at="2024-02-20T16:58:21 IST" name="validate_login" finished-at="2024-02-20T16:58:24 IST" duration-ms="2893" status="PASS">
          <reporter-output>
          </reporter-output>
        </test-method> <!-- validate_login -->
        <test-method is-config="true" signature="tearDown()[pri:0, instance:testCases.TC002_LoginTestCase@5b7a7f33]" started-at="2024-02-20T16:58:24 IST" name="tearDown" finished-at="2024-02-20T16:58:24 IST" duration-ms="192" status="PASS">
          <reporter-output>
          </reporter-output>
        </test-method> <!-- tearDown -->
      </class> <!-- testCases.TC002_LoginTestCase -->
    </test> <!-- Test -->
  </suite> <!-- Group execution Suite -->
</testng-results>
